<?xml version="1.0" encoding="UTF-8"?>
<testng-results ignored="0" total="1" passed="1" failed="0" skipped="0">
  <reporter-output>
  </reporter-output>
  <suite started-at="2025-06-16T14:00:09 IST" name="Default suite" finished-at="2025-06-16T14:00:29 IST" duration-ms="20233">
    <groups>
    </groups>
    <test started-at="2025-06-16T14:00:09 IST" name="Default test" finished-at="2025-06-16T14:00:29 IST" duration-ms="20233">
      <class name="Test_Repository.ChangePassword_validation">
        <test-method is-config="true" signature="BrowserSetUp()[pri:0, instance:Test_Repository.ChangePassword_validation@752325ad]" started-at="2025-06-16T14:00:09 IST" name="BrowserSetUp" finished-at="2025-06-16T14:00:17 IST" duration-ms="8210" status="PASS">
          <reporter-output>
          </reporter-output>
        </test-method> <!-- BrowserSetUp -->
        <test-method signature="changepassoerd()[pri:0, instance:Test_Repository.ChangePassword_validation@752325ad]" started-at="2025-06-16T14:00:17 IST" name="changepassoerd" finished-at="2025-06-16T14:00:28 IST" duration-ms="11641" status="PASS">
          <reporter-output>
          </reporter-output>
        </test-method> <!-- changepassoerd -->
        <test-method is-config="true" signature="CloseBrowser()[pri:0, instance:Test_Repository.ChangePassword_validation@752325ad]" started-at="2025-06-16T14:00:28 IST" name="CloseBrowser" finished-at="2025-06-16T14:00:29 IST" duration-ms="300" status="PASS">
          <reporter-output>
          </reporter-output>
        </test-method> <!-- CloseBrowser -->
      </class> <!-- Test_Repository.ChangePassword_validation -->
    </test> <!-- Default test -->
  </suite> <!-- Default suite -->
</testng-results>
